<?xml version="1.0" encoding="UTF-8"?>
<!-- Generated by org.testng.reporters.JUnitReportReporter -->
<testsuite hostname="MININT-5EITGB4" name="ForwardAgreement" tests="1" failures="0" timestamp="18 Feb 2016 03:03:45 GMT" time="42.681" errors="0">
  <testcase name="runStory" time="42.681" classname="ForwardAgreement"/>
</testsuite> <!-- ForwardAgreement -->
