<?xml version="1.0" encoding="UTF-8"?>
<!-- Generated by org.testng.reporters.JUnitReportReporter -->
<testsuite hostname="CP-WB201560-01" name="com.ali.jskuli.contractprint.PigeonholeManagement" tests="1" failures="0" timestamp="7 Nov 2016 11:13:04 GMT" time="41.125" errors="0">
  <testcase name="runStory" time="41.125" classname="com.ali.jskuli.contractprint.PigeonholeManagement"/>
</testsuite> <!-- com.ali.jskuli.contractprint.PigeonholeManagement -->
