<?xml version="1.0" encoding="UTF-8"?>
<!-- Generated by org.testng.reporters.JUnitReportReporter -->
<testsuite hostname="MININT-5EITGB4" name="RejectAgreement" tests="1" failures="0" timestamp="18 Feb 2016 03:14:40 GMT" time="38.526" errors="0">
  <testcase name="runStory" time="38.526" classname="RejectAgreement"/>
</testsuite> <!-- RejectAgreement -->
