<?xml version="1.0" encoding="UTF-8"?>
<!-- Generated by org.testng.reporters.JUnitReportReporter -->
<testsuite hostname="CP-WB201560-01" name="TestAgreement" tests="1" failures="0" timestamp="28 Sep 2016 04:48:51 GMT" time="56.068" errors="0">
  <testcase name="runStory" time="56.068" classname="TestAgreement"/>
</testsuite> <!-- TestAgreement -->
