<?xml version="1.0" encoding="UTF-8"?>
<!-- Generated by org.testng.reporters.JUnitReportReporter -->
<testsuite hostname="CP-WB201560-01" name="com.ali.jskuli.contractprint.AuditAgreement" tests="1" failures="0" timestamp="28 Sep 2016 04:48:51 GMT" time="130.455" errors="0">
  <testcase name="runStory" time="130.455" classname="com.ali.jskuli.contractprint.AuditAgreement"/>
</testsuite> <!-- com.ali.jskuli.contractprint.AuditAgreement -->
