<?xml version="1.0" encoding="UTF-8"?>
<!-- Generated by org.testng.reporters.JUnitReportReporter -->
<testsuite hostname="MININT-5EITGB4" name="AddSignAgreement" tests="1" failures="0" timestamp="17 Feb 2016 09:49:48 GMT" time="42.521" errors="0">
  <testcase name="runStory" time="42.521" classname="AddSignAgreement"/>
</testsuite> <!-- AddSignAgreement -->
