<?xml version="1.0" encoding="UTF-8"?>
<!-- Generated by org.testng.reporters.JUnitReportReporter -->
<testsuite hostname="CP-WB201560-01" name="AssignAgreement" tests="2" failures="0" timestamp="28 Sep 2016 04:48:51 GMT" time="85.291" errors="0">
  <testcase name="runStory" time="42.472" classname="AssignAgreement"/>
  <testcase name="runStory" time="42.819" classname="AssignAgreement"/>
</testsuite> <!-- AssignAgreement -->
